  k2EngineLowPreCompile.cpp
  Cell.cpp
  NaviMesh.cpp
  Path.cpp
  PathFinding.cpp
  Gameobjectmanager.cpp
  IGameObject.cpp
  AABB.cpp
  BSP.cpp
  Animation.cpp
  AnimationClip.cpp
  AnimationPlayController.cpp
  Camera.cpp
  ComputeAnimationVertexBuffer.cpp
C:\Users\nabi1\Desktop\3-1Game\GameTemplate\k2EngineLow\graphics\ComputeAnimationVertexBuffer.cpp(42,49): warning C4267: '=': 'size_t' から 'int' に変換しました。データが失われているかもしれません。
  (ソース ファイル '/graphics/ComputeAnimationVertexBuffer.cpp' をコンパイルしています)
  
  ConstantBuffer.cpp
  DescriptorHeap.cpp
  Effect.cpp
  EffectEmitter.cpp
  EffectEngine.cpp
  Font.cpp
  FontEngine.cpp
  コードを生成中...
C:\Users\nabi1\Desktop\3-1Game\GameTemplate\k2EngineLow\dbg\MyAssert.h(18,1): warning C5082: 'va_start' の 2 番目の引数が、最後の名前付きパラメーターではありません
C:\Users\nabi1\Desktop\3-1Game\GameTemplate\k2EngineLow\dbg\MyAssert.h(18,1): warning C5082: 'va_start' の 2 番目の引数が、最後の名前付きパラメーターではありません
  コンパイル中...
  FrameBuffer.cpp
  GaussianBlur.cpp
C:\Users\nabi1\Desktop\3-1Game\GameTemplate\k2EngineLow\graphics\GaussianBlur.cpp(18,53): warning C4244: '=': 'float' から 'int' への変換です。データが失われる可能性があります。
  (ソース ファイル '/graphics/GaussianBlur.cpp' をコンパイルしています)
  
C:\Users\nabi1\Desktop\3-1Game\GameTemplate\k2EngineLow\graphics\GaussianBlur.cpp(19,55): warning C4244: '=': 'float' から 'int' への変換です。データが失われる可能性があります。
  (ソース ファイル '/graphics/GaussianBlur.cpp' をコンパイルしています)
  
  GPUBuffer.cpp
  GraphicsEngine.cpp
  IndexBuffer.cpp
  Material.cpp
  MeshParts.cpp
  Model.cpp
  NullTextureMaps.cpp
  PipelineState.cpp
  BLASBuffer.cpp
  RaytracingDescriptorHeaps.cpp
  RaytracingEngine.cpp
  RaytracingInstance.cpp
  RaytracingPSO.cpp
  RaytracingShaderTable.cpp
  RaytracingWorld.cpp
C:\Users\nabi1\Desktop\3-1Game\GameTemplate\k2EngineLow\graphics\raytracing\RaytracingWorld.cpp(30,11): warning C4101: 'indexCount': ローカル変数は 1 度も使われていません。
  (ソース ファイル '/graphics/raytracing/RaytracingWorld.cpp' をコンパイルしています)
  
  TLASBuffer.cpp
  RenderTarget.cpp
  RootSignature.cpp
  コードを生成中...
C:\Users\nabi1\Desktop\3-1Game\GameTemplate\k2EngineLow\dbg\MyAssert.h(18,1): warning C5082: 'va_start' の 2 番目の引数が、最後の名前付きパラメーターではありません
  コンパイル中...
  RWStructuredBuffer.cpp
  Shader.cpp
C:\Users\nabi1\Desktop\3-1Game\GameTemplate\k2EngineLow\graphics\Shader.cpp(126,13): warning C4267: '引数': 'size_t' から 'UINT32' に変換しました。データが失われているかもしれません。
  (ソース ファイル '/graphics/Shader.cpp' をコンパイルしています)
  
  Skeleton.cpp
  Sprite.cpp
  StructuredBuffer.cpp
  Texture.cpp
  VertexBuffer.cpp
  GamePad.cpp
  GamePadVIbration.cpp
  k2EngineLow.cpp
  CaslFile.cpp
  Level2D.cpp
  MapChip2D.cpp
  Level.cpp
  MapChip.cpp
  TklFile.cpp
  Matrix.cpp
  Vector.cpp
  SyncOnlineTwoPlayerMatchEngine.cpp
C:\Users\nabi1\Desktop\3-1Game\GameTemplate\k2EngineLow\online\SyncOnlineTwoPlayerMatchEngine.cpp(69,64): warning C4244: '引数': 'const float' から 'int' への変換です。データが失われる可能性があります。
  (ソース ファイル '/online/SyncOnlineTwoPlayerMatchEngine.cpp' をコンパイルしています)
  
C:\Users\nabi1\Desktop\3-1Game\GameTemplate\k2EngineLow\online\SyncOnlineTwoPlayerMatchEngine.cpp(190,22): warning C4101: 'rnd': ローカル変数は 1 度も使われていません。
  (ソース ファイル '/online/SyncOnlineTwoPlayerMatchEngine.cpp' をコンパイルしています)
  
  BoxCollider.cpp
  コードを生成中...
  コンパイル中...
  CapsuleCollider.cpp
  CharacterController.cpp
  DebugWireframe.cpp
  PhysicsGhostObject.cpp
  MeshCollider.cpp
  Physics.cpp
  PhysicsStaticObject.cpp
  RigidBody.cpp
  SphereCollider.cpp
  SoundEngine.cpp
  SoundSource.cpp
  WaveFile.cpp
  WaveFileBank.cpp
  TkaFile.cpp
  TkmFile.cpp
C:\Program Files\Microsoft Visual Studio\2022\Community\VC\Tools\MSVC\14.42.34433\include\format(42): warning STL4038: The contents of <format> are available only with C++20 or later.
C:\Users\nabi1\Desktop\3-1Game\GameTemplate\k2EngineLow\tkFile\TkmFile.cpp(540,41): warning C4267: '=': 'size_t' から 'uint16_t' に変換しました。データが失われているかもしれません。
  (ソース ファイル '/tkFile/TkmFile.cpp' をコンパイルしています)
  
C:\Users\nabi1\Desktop\3-1Game\GameTemplate\k2EngineLow\tkFile\TkmFile.cpp(541,35): warning C4244: '=': 'uint16_t' から 'uint8_t' への変換です。データが失われる可能性があります。
  (ソース ファイル '/tkFile/TkmFile.cpp' をコンパイルしています)
  
C:\Users\nabi1\Desktop\3-1Game\GameTemplate\k2EngineLow\tkFile\TkmFile.cpp(547,73): warning C4267: '=': 'size_t' から 'uint32_t' に変換しました。データが失われているかもしれません。
  (ソース ファイル '/tkFile/TkmFile.cpp' をコンパイルしています)
  
C:\Users\nabi1\Desktop\3-1Game\GameTemplate\k2EngineLow\tkFile\TkmFile.cpp(548,74): warning C4267: '=': 'size_t' から 'uint32_t' に変換しました。データが失われているかもしれません。
  (ソース ファイル '/tkFile/TkmFile.cpp' をコンパイルしています)
  
C:\Users\nabi1\Desktop\3-1Game\GameTemplate\k2EngineLow\tkFile\TkmFile.cpp(557,32): warning C4267: '初期化中': 'size_t' から 'uint32_t' に変換しました。データが失われているかもしれません。
  (ソース ファイル '/tkFile/TkmFile.cpp' をコンパイルしています)
  
C:\Users\nabi1\Desktop\3-1Game\GameTemplate\k2EngineLow\tkFile\TkmFile.cpp(564,36): warning C4267: '=': 'size_t' から 'uint32_t' に変換しました。データが失われているかもしれません。
  (ソース ファイル '/tkFile/TkmFile.cpp' をコンパイルしています)
  
C:\Users\nabi1\Desktop\3-1Game\GameTemplate\k2EngineLow\tkFile\TkmFile.cpp(611,30): warning C4018: '<': signed と unsigned の数値を比較しようとしました。
  (ソース ファイル '/tkFile/TkmFile.cpp' をコンパイルしています)
  
C:\Users\nabi1\Desktop\3-1Game\GameTemplate\k2EngineLow\tkFile\TkmFile.cpp(612,30): warning C4267: '初期化中': 'size_t' から 'uint32_t' に変換しました。データが失われているかもしれません。
  (ソース ファイル '/tkFile/TkmFile.cpp' をコンパイルしています)
  
C:\Users\nabi1\Desktop\3-1Game\GameTemplate\k2EngineLow\tkFile\TkmFile.cpp(638,34): warning C4267: '+=': 'size_t' から 'int' に変換しました。データが失われているかもしれません。
  (ソース ファイル '/tkFile/TkmFile.cpp' をコンパイルしています)
  
C:\Users\nabi1\Desktop\3-1Game\GameTemplate\k2EngineLow\tkFile\TkmFile.cpp(674,20): warning C4267: '初期化中': 'size_t' から 'int' に変換しました。データが失われているかもしれません。
  (ソース ファイル '/tkFile/TkmFile.cpp' をコンパイルしています)
  
  TknFile.cpp
  TksFile.cpp
  コードを生成中...
C:\Users\nabi1\Desktop\3-1Game\GameTemplate\k2EngineLow\dbg\MyAssert.h(18,1): warning C5082: 'va_start' の 2 番目の引数が、最後の名前付きパラメーターではありません
C:\Users\nabi1\Desktop\3-1Game\GameTemplate\k2EngineLow\dbg\MyAssert.h(18,1): warning C5082: 'va_start' の 2 番目の引数が、最後の名前付きパラメーターではありません
  k2EngineLow.vcxproj -> C:\Users\nabi1\Desktop\3-1Game\GameTemplate\exlib\x64\Debug\k2EngineLow.lib
