  k2EnginePreCompile.cpp
C:\Users\nabi1\Desktop\3-1Game\GameTemplate\k2Engine\graphics\light\VolumeLightBase.h(94,34): warning C4244: '=': 'int' から 'float' への変換です。データが失われる可能性があります。
  (ソース ファイル 'k2EnginePreCompile.cpp' をコンパイルしています)
      C:\Users\nabi1\Desktop\3-1Game\GameTemplate\k2Engine\graphics\light\VolumeLightBase.h(94,34):
      テンプレートインスタンス化コンテキスト (最初に最も古いもの) は
          C:\Users\nabi1\Desktop\3-1Game\GameTemplate\k2Engine\graphics\light\VolumePointLight.h(11,37):
          コンパイル対象の クラス テンプレート インスタンス化 'nsK2Engine::VolumeLight<nsK2Engine::PointLight,nsK2Engine::SPointLight>' のリファレンスを確認してください
          C:\Users\nabi1\Desktop\3-1Game\GameTemplate\k2Engine\graphics\light\VolumeLightBase.h(87,8):
          クラス テンプレート メンバー関数 'void nsK2Engine::VolumeLight<nsK2Engine::PointLight,nsK2Engine::SPointLight>::PreDrawFinal(nsK2EngineLow::RenderContext &)' のコンパイル中
  
  CameraCollisionSolver.cpp
  SpringCamera.cpp
  CollisionObject.cpp
  dbgVectorRenderer.cpp
  GeometryData.cpp
  SceneGeometryData.cpp
  FontRender.cpp
  PointLight.cpp
  SceneLight.cpp
  SpotLight.cpp
  VolumeLightBase.cpp
  VolumeLightRender.cpp
  VolumePointLight.cpp
  VolumeSpotLight.cpp
  ModelRender.cpp
  Bloom.cpp
  CalcSceneLuminance.cpp
  Dof.cpp
  Fxaa.cpp
  PostEffect.cpp
  コードを生成中...
C:\Users\nabi1\Desktop\3-1Game\GameTemplate\k2EngineLow\dbg\MyAssert.h(18,1): warning C5082: 'va_start' の 2 番目の引数が、最後の名前付きパラメーターではありません
  コンパイル中...
  PostEffectComponentBase.cpp
  Ssao.cpp
  Ssr.cpp
  ToneMap.cpp
  CascadeShadowMapMatrix.cpp
  LightCulling.cpp
  ShadowMapRender.cpp
  RenderingEngine.cpp
C:\Users\nabi1\Desktop\3-1Game\GameTemplate\k2Engine\graphics\RenderingEngine.cpp(227,111): warning C4305: '引数': 'int' から 'bool' へ切り詰めます。
  (ソース ファイル '/graphics/RenderingEngine.cpp' をコンパイルしています)
  
C:\Users\nabi1\Desktop\3-1Game\GameTemplate\k2Engine\graphics\RenderingEngine.cpp(227,105): warning C4305: '引数': 'int' から 'bool' へ切り詰めます。
  (ソース ファイル '/graphics/RenderingEngine.cpp' をコンパイルしています)
  
C:\Users\nabi1\Desktop\3-1Game\GameTemplate\k2Engine\graphics\RenderingEngine.cpp(228,120): warning C4305: '引数': 'int' から 'bool' へ切り詰めます。
  (ソース ファイル '/graphics/RenderingEngine.cpp' をコンパイルしています)
  
C:\Users\nabi1\Desktop\3-1Game\GameTemplate\k2Engine\graphics\RenderingEngine.cpp(228,115): warning C4305: '引数': 'int' から 'bool' へ切り詰めます。
  (ソース ファイル '/graphics/RenderingEngine.cpp' をコンパイルしています)
  
C:\Users\nabi1\Desktop\3-1Game\GameTemplate\k2Engine\graphics\RenderingEngine.cpp(229,118): warning C4305: '引数': 'int' から 'bool' へ切り詰めます。
  (ソース ファイル '/graphics/RenderingEngine.cpp' をコンパイルしています)
  
C:\Users\nabi1\Desktop\3-1Game\GameTemplate\k2Engine\graphics\RenderingEngine.cpp(229,113): warning C4305: '引数': 'int' から 'bool' へ切り詰めます。
  (ソース ファイル '/graphics/RenderingEngine.cpp' をコンパイルしています)
  
C:\Users\nabi1\Desktop\3-1Game\GameTemplate\k2Engine\graphics\RenderingEngine.cpp(230,118): warning C4305: '引数': 'int' から 'bool' へ切り詰めます。
  (ソース ファイル '/graphics/RenderingEngine.cpp' をコンパイルしています)
  
C:\Users\nabi1\Desktop\3-1Game\GameTemplate\k2Engine\graphics\RenderingEngine.cpp(230,113): warning C4305: '引数': 'int' から 'bool' へ切り詰めます。
  (ソース ファイル '/graphics/RenderingEngine.cpp' をコンパイルしています)
  
  SpriteRender.cpp
  k2Engine.cpp
  Level2DRender.cpp
  MapChip2DRender.cpp
  LevelRender.cpp
  MapChipRender.cpp
  SkyCube.cpp
  コードを生成中...
  k2Engine.vcxproj -> C:\Users\nabi1\Desktop\3-1Game\GameTemplate\exlib\x64\Debug\k2Engine.lib
