cl : コマンド ライン  warning D9002: 不明なオプション '/arch:SSE' を無視します。
  btKinematicCharacterController.cpp
  btConeTwistConstraint.cpp
  btContactConstraint.cpp
C:\Users\nabi1\Desktop\3-1Game\GameTemplate\k2EngineLow\ExEngine\bulletPhysics\src\BulletDynamics\ConstraintSolver\btConeTwistConstraint.cpp(868,21): warning C4244: '=': 'double' から 'btScalar' への変換です。データが失われる可能性があります。
C:\Users\nabi1\Desktop\3-1Game\GameTemplate\k2EngineLow\ExEngine\bulletPhysics\src\BulletDynamics\ConstraintSolver\btConeTwistConstraint.cpp(913,20): warning C4244: '=': 'double' から 'float' への変換です。データが失われる可能性があります。
C:\Users\nabi1\Desktop\3-1Game\GameTemplate\k2EngineLow\ExEngine\bulletPhysics\src\BulletDynamics\ConstraintSolver\btConeTwistConstraint.cpp(973,13): warning C4244: '=': 'double' から 'btScalar' への変換です。データが失われる可能性があります。
C:\Users\nabi1\Desktop\3-1Game\GameTemplate\k2EngineLow\ExEngine\bulletPhysics\src\BulletDynamics\ConstraintSolver\btConeTwistConstraint.cpp(975,8): warning C4244: '=': 'double' から 'btScalar' への変換です。データが失われる可能性があります。
C:\Users\nabi1\Desktop\3-1Game\GameTemplate\k2EngineLow\ExEngine\bulletPhysics\src\BulletDynamics\ConstraintSolver\btContactConstraint.h(25,28): warning C4359: 'btContactConstraint': アライメント指定子は実際のアラインメント (128) より小さいため、無視されます。
  (ソース ファイル 'ConstraintSolver/btContactConstraint.cpp' をコンパイルしています)
  
  btFixedConstraint.cpp
  btGearConstraint.cpp
  btGeneric6DofConstraint.cpp
  btGeneric6DofSpring2Constraint.cpp
C:\Users\nabi1\Desktop\3-1Game\GameTemplate\k2EngineLow\ExEngine\bulletPhysics\src\BulletDynamics\ConstraintSolver\btGeneric6DofSpring2Constraint.cpp(786,24): warning C4244: '初期化中': 'double' から 'btScalar' への変換です。データが失われる可能性があります。
  btGeneric6DofSpringConstraint.cpp
  btHinge2Constraint.cpp
  btHingeConstraint.cpp
  btNNCGConstraintSolver.cpp
  btPoint2PointConstraint.cpp
  btSequentialImpulseConstraintSolver.cpp
  btSliderConstraint.cpp
  btSolve2LinearConstraint.cpp
  btTypedConstraint.cpp
  btUniversalConstraint.cpp
  btDiscreteDynamicsWorld.cpp
C:\Users\nabi1\Desktop\3-1Game\GameTemplate\k2EngineLow\ExEngine\bulletPhysics\src\BulletDynamics\ConstraintSolver\btContactConstraint.h(25,28): warning C4359: 'btContactConstraint': アライメント指定子は実際のアラインメント (128) より小さいため、無視されます。
  (ソース ファイル 'Dynamics/btDiscreteDynamicsWorld.cpp' をコンパイルしています)
  
  btRigidBody.cpp
  btSimpleDynamicsWorld.cpp
  コードを生成中...
  コンパイル中...
  btMultiBody.cpp
  btMultiBodyConstraint.cpp
  btMultiBodyConstraintSolver.cpp
  btMultiBodyDynamicsWorld.cpp
  btMultiBodyJointLimitConstraint.cpp
C:\Users\nabi1\Desktop\3-1Game\GameTemplate\k2EngineLow\ExEngine\bulletPhysics\src\BulletDynamics\Featherstone\btMultiBodyJointLimitConstraint.cpp(114,22): warning C4244: '初期化中': 'int' から 'btScalar' への変換です。データが失われる可能性があります。
  btMultiBodyJointMotor.cpp
  btMultiBodyPoint2Point.cpp
  btDantzigLCP.cpp
C:\Users\nabi1\Desktop\3-1Game\GameTemplate\k2EngineLow\ExEngine\bulletPhysics\src\BulletDynamics\MLCPSolvers\btDantzigLCP.cpp(1568,5): warning C4473: 'printf': 書式文字列として渡された引数が不足しています
      C:\Users\nabi1\Desktop\3-1Game\GameTemplate\k2EngineLow\ExEngine\bulletPhysics\src\BulletDynamics\MLCPSolvers\btDantzigLCP.cpp(1568,5):
      プレースホルダーとそのパラメーターには 2 の可変個引数が必要ですが、1 が指定されています。
      C:\Users\nabi1\Desktop\3-1Game\GameTemplate\k2EngineLow\ExEngine\bulletPhysics\src\BulletDynamics\MLCPSolvers\btDantzigLCP.cpp(1568,5):
      不足している可変個引数 2 が書式文字列 '% s' に必要です
  
  btLemkeAlgorithm.cpp
  btMLCPSolver.cpp
C:\Users\nabi1\Desktop\3-1Game\GameTemplate\k2EngineLow\ExEngine\bulletPhysics\src\LinearMath\btMatrixX.h(109,18): warning C4244: '=': 'double' から 'T' への変換です。データが失われる可能性があります。
C:\Users\nabi1\Desktop\3-1Game\GameTemplate\k2EngineLow\ExEngine\bulletPhysics\src\LinearMath\btMatrixX.h(109,18): warning C4244:         with
C:\Users\nabi1\Desktop\3-1Game\GameTemplate\k2EngineLow\ExEngine\bulletPhysics\src\LinearMath\btMatrixX.h(109,18): warning C4244:         [
C:\Users\nabi1\Desktop\3-1Game\GameTemplate\k2EngineLow\ExEngine\bulletPhysics\src\LinearMath\btMatrixX.h(109,18): warning C4244:             T=float
C:\Users\nabi1\Desktop\3-1Game\GameTemplate\k2EngineLow\ExEngine\bulletPhysics\src\LinearMath\btMatrixX.h(109,18): warning C4244:         ]
  (ソース ファイル 'MLCPSolvers/btLemkeAlgorithm.cpp' をコンパイルしています)
      C:\Users\nabi1\Desktop\3-1Game\GameTemplate\k2EngineLow\ExEngine\bulletPhysics\src\LinearMath\btMatrixX.h(109,18):
      テンプレートインスタンス化コンテキスト (最初に最も古いもの) は
          C:\Users\nabi1\Desktop\3-1Game\GameTemplate\k2EngineLow\ExEngine\bulletPhysics\src\BulletDynamics\MLCPSolvers\btLemkeAlgorithm.h(86,14):
          コンパイル対象の クラス テンプレート インスタンス化 'btVectorX<float>' のリファレンスを確認してください
          C:\Users\nabi1\Desktop\3-1Game\GameTemplate\k2EngineLow\ExEngine\bulletPhysics\src\LinearMath\btMatrixX.h(70,4):
          クラス テンプレート メンバー関数 'T btVectorX<T>::nrm2(void) const' のコンパイル中
          with
          [
              T=float
          ]
              C:\Users\nabi1\Desktop\3-1Game\GameTemplate\k2EngineLow\ExEngine\bulletPhysics\src\BulletDynamics\MLCPSolvers\btLemkeAlgorithm.cpp(251,5):
              'btLemkeAlgorithm::findLexicographicMinimum' の 'btVectorX<float>::nrm2' への最初の参照を参照してください
  
  btRaycastVehicle.cpp
C:\Users\nabi1\Desktop\3-1Game\GameTemplate\k2EngineLow\ExEngine\bulletPhysics\src\BulletDynamics\ConstraintSolver\btContactConstraint.h(25,28): warning C4359: 'btContactConstraint': アライメント指定子は実際のアラインメント (128) より小さいため、無視されます。
  (ソース ファイル 'Vehicle/btRaycastVehicle.cpp' をコンパイルしています)
  
  btWheelInfo.cpp
  コードを生成中...
  BulletDynamics.vcxproj -> C:\Users\nabi1\Desktop\3-1Game\GameTemplate\exlib\x64\Debug\BulletDynamics_Debug.lib
